<?xml version="1.0" encoding="UTF-8"?>
<testng-results skipped="0" failed="0" ignored="0" total="1" passed="1">
  <reporter-output>
  </reporter-output>
  <suite name="Default suite" duration-ms="27241" started-at="2017-12-26T18:51:39Z" finished-at="2017-12-26T18:52:07Z">
    <groups>
    </groups>
    <test name="Default test" duration-ms="27241" started-at="2017-12-26T18:51:39Z" finished-at="2017-12-26T18:52:07Z">
      <class name="by.http.tstng.tstng_study.MailRuTest">
        <test-method status="PASS" signature="setUp()[pri:0, instance:by.http.tstng.tstng_study.MailRuTest@5419f379]" name="setUp" is-config="true" duration-ms="6942" started-at="2017-12-26T21:51:39Z" description="Init browser" finished-at="2017-12-26T21:51:46Z">
          <reporter-output>
          </reporter-output>
        </test-method> <!-- setUp -->
        <test-method status="PASS" signature="sendLetter()[pri:0, instance:by.http.tstng.tstng_study.MailRuTest@5419f379]" name="sendLetter" duration-ms="20018" started-at="2017-12-26T21:51:46Z" description="Send Letter to Sviatlana" finished-at="2017-12-26T21:52:06Z">
          <reporter-output>
          </reporter-output>
        </test-method> <!-- sendLetter -->
        <test-method status="PASS" signature="stopBrowser()[pri:0, instance:by.http.tstng.tstng_study.MailRuTest@5419f379]" name="stopBrowser" is-config="true" duration-ms="255" started-at="2017-12-26T21:52:06Z" finished-at="2017-12-26T21:52:07Z">
          <reporter-output>
          </reporter-output>
        </test-method> <!-- stopBrowser -->
      </class> <!-- by.http.tstng.tstng_study.MailRuTest -->
    </test> <!-- Default test -->
  </suite> <!-- Default suite -->
</testng-results>
